<?xml version="1.0" encoding="UTF-8"?>
<coverage generated="1724713219941" clover="3.2.0">
  <project timestamp="1724713219942" name="All files">
    <metrics statements="20" coveredstatements="19" conditionals="4" coveredconditionals="3" methods="5" coveredmethods="5" elements="29" coveredelements="27" complexity="0" loc="20" ncloc="20" packages="1" files="1" classes="1"/>
    <file name="app.js" path="/mnt/d/FullCycle 3.0/Desafios/ci_sonarcloud/src/app.js">
      <metrics statements="20" coveredstatements="19" conditionals="4" coveredconditionals="3" methods="5" coveredmethods="5"/>
      <line num="1" count="1" type="stmt"/>
      <line num="2" count="1" type="stmt"/>
      <line num="3" count="1" type="stmt"/>
      <line num="5" count="1" type="stmt"/>
      <line num="7" count="1" type="stmt"/>
      <line num="8" count="4" type="stmt"/>
      <line num="9" count="4" type="cond" truecount="1" falsecount="1"/>
      <line num="10" count="0" type="stmt"/>
      <line num="12" count="4" type="stmt"/>
      <line num="14" count="4" type="stmt"/>
      <line num="16" count="4" type="stmt"/>
      <line num="19" count="1" type="stmt"/>
      <line num="20" count="2" type="stmt"/>
      <line num="23" count="1" type="stmt"/>
      <line num="24" count="1" type="stmt"/>
      <line num="25" count="4" type="stmt"/>
      <line num="26" count="1" type="stmt"/>
      <line num="27" count="1" type="stmt"/>
      <line num="30" count="1" type="stmt"/>
      <line num="37" count="1" type="cond" truecount="2" falsecount="0"/>
    </file>
  </project>
</coverage>
