{"/mnt/d/FullCycle 3.0/Desafios/ci_sonarcloud/src/app.js": {"path":"/mnt/d/FullCycle 3.0/Desafios/ci_sonarcloud/src/app.js","statementMap":{"0":{"start":{"line":1,"column":16},"end":{"line":1,"column":34}},"1":{"start":{"line":2,"column":12},"end":{"line":2,"column":21}},"2":{"start":{"line":3,"column":0},"end":{"line":3,"column":23}},"3":{"start":{"line":5,"column":12},"end":{"line":5,"column":14}},"4":{"start":{"line":7,"column":0},"end":{"line":17,"column":3}},"5":{"start":{"line":8,"column":20},"end":{"line":8,"column":28}},"6":{"start":{"line":9,"column":4},"end":{"line":11,"column":5}},"7":{"start":{"line":10,"column":8},"end":{"line":10,"column":66}},"8":{"start":{"line":12,"column":17},"end":{"line":12,"column":45}},"9":{"start":{"line":14,"column":4},"end":{"line":14,"column":21}},"10":{"start":{"line":16,"column":4},"end":{"line":16,"column":31}},"11":{"start":{"line":19,"column":0},"end":{"line":21,"column":3}},"12":{"start":{"line":20,"column":4},"end":{"line":20,"column":20}},"13":{"start":{"line":23,"column":0},"end":{"line":28,"column":5}},"14":{"start":{"line":24,"column":19},"end":{"line":24,"column":29}},"15":{"start":{"line":25,"column":4},"end":{"line":25,"column":48}},"16":{"start":{"line":25,"column":33},"end":{"line":25,"column":46}},"17":{"start":{"line":26,"column":24},"end":{"line":26,"column":81}},"18":{"start":{"line":27,"column":4},"end":{"line":27,"column":27}},"19":{"start":{"line":30,"column":0},"end":{"line":30,"column":21}},"20":{"start":{"line":37,"column":85},"end":{"line":37,"column":39627}},"21":{"start":{"line":37,"column":89},"end":{"line":37,"column":39616}}},"fnMap":{"0":{"name":"(anonymous_0)","decl":{"start":{"line":7,"column":19},"end":{"line":7,"column":20}},"loc":{"start":{"line":7,"column":33},"end":{"line":17,"column":1}},"line":7},"1":{"name":"(anonymous_1)","decl":{"start":{"line":19,"column":18},"end":{"line":19,"column":19}},"loc":{"start":{"line":19,"column":31},"end":{"line":21,"column":1}},"line":19},"2":{"name":"(anonymous_2)","decl":{"start":{"line":23,"column":25},"end":{"line":23,"column":26}},"loc":{"start":{"line":23,"column":39},"end":{"line":28,"column":3}},"line":23},"3":{"name":"(anonymous_3)","decl":{"start":{"line":25,"column":25},"end":{"line":25,"column":26}},"loc":{"start":{"line":25,"column":33},"end":{"line":25,"column":46}},"line":25},"4":{"name":"oo_cm","decl":{"start":{"line":37,"column":77},"end":{"line":37,"column":82}},"loc":{"start":{"line":37,"column":84},"end":{"line":37,"column":39628}},"line":37}},"branchMap":{"0":{"loc":{"start":{"line":9,"column":4},"end":{"line":11,"column":5}},"type":"if","locations":[{"start":{"line":9,"column":4},"end":{"line":11,"column":5}},{"start":{},"end":{}}],"line":9},"1":{"loc":{"start":{"line":37,"column":96},"end":{"line":37,"column":39615}},"type":"binary-expr","locations":[{"start":{"line":37,"column":96},"end":{"line":37,"column":133}},{"start":{"line":37,"column":137},"end":{"line":37,"column":39615}}],"line":37}},"s":{"0":1,"1":1,"2":1,"3":1,"4":1,"5":4,"6":4,"7":0,"8":4,"9":4,"10":4,"11":1,"12":2,"13":1,"14":1,"15":1,"16":4,"17":1,"18":1,"19":1,"20":1,"21":1},"f":{"0":4,"1":2,"2":1,"3":4,"4":1},"b":{"0":[0,4],"1":[1,1]},"_coverageSchema":"1a1c01bbd47fc00a2c39e90264f33305004495a9","hash":"93dfddfdae6018ce71f171bfd639776ee7076434"}
}
